2025-08-06 13:36:37,191 - INFO - 95138 - Total known faces loaded: 25
2025-08-06 13:36:39,988 - INFO - 95138 - WebcamStream ready.
2025-08-06 13:36:39,989 - INFO - 95138 - Face processing thread started.
025-08-06 13:36:39,988 - INFO - WebcamStream ready.
2025-08-06 13:36:39,989 - INFO - Face processing thread started.
2025-08-06 13:38:18,094 - INFO - MQTT: Message 1 published
2025-08-06 13:38:48,605 - INFO - MQTT: Message 2 published
2025-08-06 13:39:07,249 - INFO - MQTT: Message 3 published
2025-08-06 13:39:31,119 - INFO - MQTT: Message 4 published
2025-08-06 13:39:36,167 - INFO - MQTT: Message 5 published
2025-08-06 13:39:44,152 - INFO - MQTT: Message 6 published
2025-08-06 13:40:02,299 - INFO - MQTT: Message 7 published
2025-08-06 13:40:10,041 - INFO - MQTT: Message 8 published
2025-08-06 13:40:31,843 - INFO - MQTT: Message 9 published
2025-08-06 13:40:39,299 - INFO - MQTT: Message 10 published
2025-08-06 13:41:05,606 - INFO - MQTT: Message 11 published
2025-08-06 13:41:26,237 - INFO - MQTT: Message 12 published
2025-08-06 13:41:28,048 - INFO - MQTT: Message 13 published
2025-08-06 13:41:33,219 - INFO - MQTT: Message 14 published
2025-08-06 13:41:38,273 - INFO - MQTT: Message 15 published
2025-08-06 13:41:43,213 - INFO - MQTT: Message 16 published
2025-08-06 13:41:44,947 - INFO - MQTT: Message 17 published
2025-08-06 13:42:00,477 - INFO - MQTT: Message 18 published
2025-08-06 13:42:32,957 - INFO - MQTT: Message 19 published
2025-08-06 13:42:38,345 - INFO - MQTT: Message 20 published
2025-08-06 13:42:43,718 - INFO - MQTT: Message 21 published
2025-08-06 13:42:49,164 - INFO - MQTT: Message 22 published
2025-08-06 13:43:16,983 - INFO - MQTT: Message 23 published
2025-08-06 13:43:49,620 - INFO - MQTT: Message 24 published
2025-08-06 13:45:21,444 - INFO - MQTT: Message 25 published
2025-08-06 13:45:26,487 - INFO - MQTT: Message 26 published
2025-08-06 13:45:32,456 - INFO - MQTT: Message 27 published
2025-08-06 13:45:44,070 - INFO - MQTT: Message 28 published
2025-08-06 13:46:14,669 - INFO - MQTT: Message 29 published
2025-08-06 13:46:19,714 - INFO - MQTT: Message 30 published
2025-08-06 13:46:25,269 - INFO - MQTT: Message 31 published
2025-08-06 13:46:30,825 - INFO - MQTT: Message 32 published
2025-08-06 13:46:36,158 - INFO - MQTT: Message 33 published
2025-08-06 13:46:41,274 - INFO - MQTT: Message 34 published
2025-08-06 13:46:46,548 - INFO - MQTT: Message 35 published
2025-08-06 13:46:52,228 - INFO - MQTT: Message 36 published
2025-08-06 13:47:04,312 - INFO - MQTT: Message 37 published
2025-08-06 13:47:12,834 - INFO - MQTT: Message 38 published
2025-08-06 13:47:18,009 - INFO - MQTT: Message 39 published
2025-08-06 13:47:23,159 - INFO - MQTT: Message 40 published
2025-08-06 13:47:28,665 - INFO - MQTT: Message 41 published
2025-08-06 13:47:49,948 - INFO - MQTT: Message 42 published
2025-08-06 13:47:56,917 - INFO - MQTT: Message 43 published
2025-08-06 13:48:03,451 - INFO - MQTT: Message 44 published
2025-08-06 13:48:09,642 - INFO - MQTT: Message 45 published
2025-08-06 13:48:14,697 - INFO - MQTT: Message 46 published
2025-08-06 13:48:20,153 - INFO - MQTT: Message 47 published
2025-08-06 13:48:26,319 - INFO - MQTT: Message 48 published
2025-08-06 13:48:38,306 - INFO - MQTT: Message 49 published
2025-08-06 13:49:07,799 - INFO - MQTT: Message 50 published
2025-08-06 13:49:31,869 - INFO - MQTT: Message 51 published
2025-08-06 13:49:57,092 - INFO - MQTT: Message 52 published
2025-08-06 13:50:06,223 - INFO - MQTT: Message 53 published
2025-08-06 13:50:56,328 - INFO - MQTT: Message 54 published
2025-08-06 13:51:01,759 - INFO - MQTT: Message 55 published
2025-08-06 13:51:07,179 - INFO - MQTT: Message 56 published
2025-08-06 13:51:12,823 - INFO - MQTT: Message 57 published
2025-08-06 13:51:29,264 - INFO - MQTT: Message 58 published
2025-08-06 13:51:35,916 - INFO - MQTT: Message 59 published
2025-08-06 13:51:41,338 - INFO - MQTT: Message 60 published
2025-08-06 13:51:47,230 - INFO - MQTT: Message 61 published
2025-08-06 13:51:52,536 - INFO - MQTT: Message 62 published
2025-08-06 13:51:58,745 - INFO - MQTT: Message 63 published
2025-08-06 13:52:04,649 - INFO - MQTT: Message 64 published
2025-08-06 13:52:10,447 - INFO - MQTT: Message 65 published
2025-08-06 13:52:15,975 - INFO - MQTT: Message 66 published
2025-08-06 13:52:21,023 - INFO - MQTT: Message 67 published
2025-08-06 13:52:26,704 - INFO - MQTT: Message 68 published
2025-08-06 13:52:32,530 - INFO - MQTT: Message 69 published
2025-08-06 13:52:41,810 - INFO - MQTT: Message 70 published
2025-08-06 13:53:18,775 - INFO - MQTT: Message 71 published
2025-08-06 13:53:24,360 - INFO - MQTT: Message 72 published
2025-08-06 13:53:30,264 - INFO - MQTT: Message 73 published
2025-08-06 13:53:35,967 - INFO - MQTT: Message 74 published
2025-08-06 13:53:41,506 - INFO - MQTT: Message 75 published
2025-08-06 13:53:47,675 - INFO - MQTT: Message 76 published
2025-08-06 13:53:53,050 - INFO - MQTT: Message 77 published
2025-08-06 13:54:02,684 - INFO - MQTT: Message 78 published
2025-08-06 13:54:08,185 - INFO - MQTT: Message 79 published
2025-08-06 13:54:14,198 - INFO - MQTT: Message 80 published
2025-08-06 13:54:19,524 - INFO - MQTT: Message 81 published
2025-08-06 13:54:25,402 - INFO - MQTT: Message 82 published
2025-08-06 13:54:31,040 - INFO - MQTT: Message 83 published
2025-08-06 13:54:36,333 - INFO - MQTT: Message 84 published
2025-08-06 13:54:41,891 - INFO - MQTT: Message 85 published
2025-08-06 13:55:11,013 - INFO - MQTT: Message 86 published
2025-08-06 13:55:20,535 - INFO - MQTT: Message 87 published
2025-08-06 13:55:25,859 - INFO - MQTT: Message 88 published
2025-08-06 13:55:32,262 - INFO - MQTT: Message 89 published
2025-08-06 13:55:37,616 - INFO - MQTT: Message 90 published
2025-08-06 13:55:44,318 - INFO - MQTT: Message 91 published
2025-08-06 13:55:50,003 - INFO - MQTT: Message 92 published
2025-08-06 13:55:55,393 - INFO - MQTT: Message 93 published
2025-08-06 13:56:00,714 - INFO - MQTT: Message 94 published
2025-08-06 13:56:10,882 - INFO - MQTT: Message 95 published
2025-08-06 13:56:16,175 - INFO - MQTT: Message 96 published
2025-08-06 13:56:21,612 - INFO - MQTT: Message 97 published
2025-08-06 13:56:27,232 - INFO - MQTT: Message 98 published
2025-08-06 13:59:01,530 - INFO - MQTT: Message 99 published
2025-08-06 13:59:07,113 - INFO - MQTT: Message 100 published
2025-08-06 13:59:52,001 - INFO - MQTT: Message 101 published
2025-08-06 14:00:19,796 - INFO - MQTT: Message 102 published
2025-08-06 14:01:19,514 - INFO - MQTT: Message 103 published
2025-08-06 14:02:05,119 - INFO - MQTT: Message 104 published
2025-08-06 14:02:19,189 - INFO - MQTT: Message 105 published
2025-08-06 14:02:30,735 - INFO - MQTT: Message 106 published
2025-08-06 14:02:37,900 - INFO - MQTT: Message 107 published
2025-08-06 14:02:45,681 - INFO - MQTT: Message 108 published
2025-08-06 14:02:51,038 - INFO - MQTT: Message 109 published
2025-08-06 14:02:56,520 - INFO - MQTT: Message 110 published
2025-08-06 14:03:01,687 - INFO - MQTT: Message 111 published
2025-08-06 14:03:06,806 - INFO - MQTT: Message 112 published
2025-08-06 14:03:14,961 - INFO - MQTT: Message 113 published
2025-08-06 14:03:20,677 - INFO - MQTT: Message 114 published
2025-08-06 14:03:26,260 - INFO - MQTT: Message 115 published
2025-08-06 14:03:29,672 - INFO - MQTT: Message 116 published
2025-08-06 14:03:31,687 - INFO - MQTT: Message 117 published
2025-08-06 14:03:36,074 - INFO - MQTT: Message 118 published
2025-08-06 14:03:37,168 - INFO - MQTT: Message 119 published
2025-08-06 14:03:42,606 - INFO - MQTT: Message 120 published
2025-08-06 14:03:57,068 - INFO - MQTT: Message 121 published
2025-08-06 14:05:03,997 - INFO - MQTT: Message 122 published
2025-08-06 14:06:32,852 - INFO - MQTT: Message 123 published
2025-08-06 14:06:33,476 - INFO - MQTT: Message 124 published
2025-08-06 14:07:09,781 - INFO - MQTT: Message 125 published
2025-08-06 14:07:10,445 - INFO - MQTT: Message 126 published
2025-08-06 14:08:16,822 - INFO - MQTT: Message 127 published
2025-08-06 14:10:29,328 - INFO - MQTT: Message 128 published
2025-08-06 14:10:41,232 - INFO - MQTT: Message 129 published
2025-08-06 14:10:59,952 - INFO - MQTT: Message 130 published
2025-08-06 14:11:07,693 - INFO - MQTT: Message 131 published
2025-08-06 14:12:38,951 - INFO - MQTT: Message 132 published
2025-08-06 14:13:09,911 - INFO - MQTT: Message 133 published
2025-08-06 14:13:41,357 - INFO - MQTT: Message 134 published
2025-08-06 14:14:09,423 - INFO - MQTT: Message 135 published
2025-08-06 14:15:19,803 - INFO - MQTT: Message 136 published
2025-08-06 14:15:20,787 - INFO - MQTT: Message 137 published
2025-08-06 14:15:26,800 - INFO - MQTT: Message 138 published
2025-08-06 14:15:31,964 - INFO - MQTT: Message 139 published
2025-08-06 14:15:57,776 - INFO - MQTT: Message 140 published
2025-08-06 14:17:11,731 - INFO - MQTT: Message 141 published
2025-08-06 14:17:29,256 - INFO - MQTT: Message 142 published
2025-08-06 14:17:46,051 - INFO - MQTT: Message 143 published
2025-08-06 14:20:42,445 - INFO - MQTT: Message 144 published
2025-08-06 14:20:59,320 - INFO - MQTT: Message 145 published
2025-08-06 14:23:29,444 - INFO - MQTT: Message 146 published
2025-08-06 14:27:03,531 - INFO - MQTT: Message 147 published
2025-08-06 14:27:42,229 - INFO - MQTT: Message 148 published
2025-08-06 14:30:24,284 - INFO - MQTT: Message 149 published
2025-08-06 14:32:50,520 - INFO - MQTT: Message 150 published
2025-08-06 14:33:22,615 - INFO - MQTT: Message 151 published
2025-08-06 14:33:43,516 - INFO - MQTT: Message 152 published
2025-08-06 14:34:23,754 - INFO - MQTT: Message 153 published
2025-08-06 14:34:30,419 - INFO - MQTT: Message 154 published
2025-08-06 14:34:36,052 - INFO - MQTT: Message 155 published
2025-08-06 14:34:41,603 - INFO - MQTT: Message 156 published
2025-08-06 14:34:43,347 - INFO - MQTT: Message 157 published
2025-08-06 14:34:48,989 - INFO - MQTT: Message 158 published
2025-08-06 14:34:50,980 - INFO - MQTT: Message 159 published
2025-08-06 14:34:53,991 - INFO - MQTT: Message 160 published
2025-08-06 14:34:56,394 - INFO - MQTT: Message 161 published
2025-08-06 14:35:19,079 - INFO - MQTT: Message 162 published
2025-08-06 14:35:24,015 - INFO - MQTT: Message 163 published
2025-08-06 14:35:24,969 - INFO - MQTT: Message 164 published
2025-08-06 14:35:29,113 - INFO - MQTT: Message 165 published
2025-08-06 14:35:30,325 - INFO - MQTT: Message 166 published
2025-08-06 14:35:35,434 - INFO - MQTT: Message 167 published
2025-08-06 14:35:40,832 - INFO - MQTT: Message 168 published
2025-08-06 14:35:46,189 - INFO - MQTT: Message 169 published
2025-08-06 14:35:51,392 - INFO - MQTT: Message 170 published
2025-08-06 14:35:56,915 - INFO - MQTT: Message 171 published
2025-08-06 14:36:07,109 - INFO - MQTT: Message 172 published
2025-08-06 14:36:12,608 - INFO - MQTT: Message 173 published
2025-08-06 14:36:14,295 - INFO - MQTT: Message 174 published
2025-08-06 14:37:07,644 - INFO - MQTT: Message 175 published
2025-08-06 14:37:37,329 - INFO - MQTT: Message 176 published
2025-08-06 14:38:05,236 - INFO - MQTT: Message 177 published
2025-08-06 14:38:06,436 - INFO - MQTT: Message 178 published
2025-08-06 14:38:36,436 - INFO - MQTT: Message 179 published
2025-08-06 14:40:51,427 - INFO - MQTT: Message 180 published
2025-08-06 14:42:23,683 - INFO - MQTT: Message 181 published
2025-08-06 14:42:28,818 - INFO - MQTT: Message 182 published
2025-08-06 14:42:34,108 - INFO - MQTT: Message 183 published
2025-08-06 14:43:03,941 - INFO - MQTT: Message 184 published
2025-08-06 14:43:42,904 - INFO - MQTT: Message 185 published
2025-08-06 14:44:47,349 - INFO - MQTT: Message 186 published
2025-08-06 14:44:48,661 - INFO - MQTT: Message 187 published
2025-08-06 14:45:29,647 - INFO - MQTT: Message 188 published
2025-08-06 14:46:51,959 - INFO - Performing cleanup...
2025-08-06 14:46:52,120 - ERROR - MQTT disconnected with reason code0: No error.
2025-08-06 14:46:52,121 - INFO - MQTT client disconnected.
